<?xml version='1.0' encoding='UTF-8' ?>
<testsuite tests="0" failures="0" errors="0" time="0.001" timestamp="2014-05-04T08:24:09" hostname="localhost">
  <properties device="Nexus 5 - 4.4.2" flavor="" project="simple-content-provider" />
</testsuite>